<?xml version="1.0" encoding="UTF-8"?>
<!-- Generated by org.testng.reporters.JUnitReportReporter -->
<testsuite skipped="2" hostname="ATMECSINLT-474" name="practise.AppiumFramework.ChsTC1" tests="6" failures="0" timestamp="2019-11-18T08:53:58 IST" time="59.968" errors="0">
  <testcase name="loginToApp" time="3.834" classname="practise.AppiumFramework.ChsTC1"/>
  <testcase name="tc001_selectShopByCategory" time="27.872" classname="practise.AppiumFramework.ChsTC1"/>
  <testcase name="tc002_searchWithCatalogNumber" time="13.757" classname="practise.AppiumFramework.ChsTC1"/>
  <testcase name="tc003_searchWithProductName" time="14.505" classname="practise.AppiumFramework.ChsTC1"/>
  <testcase name="forgotUserName" classname="practise.AppiumFramework.ChsTC1">
    <skipped/>
  </testcase> <!-- forgotUserName -->
  <testcase name="newUserSignUp" classname="practise.AppiumFramework.ChsTC1">
    <skipped/>
  </testcase> <!-- newUserSignUp -->
</testsuite> <!-- practise.AppiumFramework.ChsTC1 -->
